\BOOKMARK [1][-]{figure.caption.2}{\376\377\144\130\211\201}{}% 1
\BOOKMARK [1][-]{figure.caption.2}{\376\377\000A\000B\000S\000T\000R\000A\000C\000T}{}% 2
\BOOKMARK [1][-]{section.1}{\376\377\176\352\213\272}{}% 3
\BOOKMARK [2][-]{subsection.1.1}{\376\377\170\024\172\166\200\314\146\157\116\016\141\017\116\111}{section.1}% 4
\BOOKMARK [2][-]{subsection.1.2}{\376\377\126\375\121\205\131\026\170\024\172\166\163\260\162\266}{section.1}% 5
\BOOKMARK [3][-]{subsubsection.1.2.1}{\376\377\145\260\225\373\143\250\203\120\173\227\154\325\170\024\172\166\163\260\162\266}{subsection.1.2}% 6
\BOOKMARK [3][-]{subsubsection.1.2.2}{\376\377\200\124\220\246\133\146\116\140\116\016\226\220\171\301\117\335\142\244\170\024\172\166\163\260\162\266}{subsection.1.2}% 7
\BOOKMARK [2][-]{subsection.1.3}{\376\377\147\054\145\207\116\073\211\201\170\024\172\166\121\205\133\271}{section.1}% 8
\BOOKMARK [2][-]{subsection.1.4}{\376\377\213\272\145\207\176\304\176\307\176\323\147\204}{section.1}% 9
\BOOKMARK [1][-]{section.2}{\376\377\166\370\121\163\142\200\147\057\176\374\217\360}{}% 10
\BOOKMARK [2][-]{subsection.2.1}{\376\377\201\352\161\066\213\355\212\000\131\004\164\006\116\016\145\207\147\054\210\150\171\072\142\200\147\057}{section.2}% 11
\BOOKMARK [2][-]{subsection.2.2}{\376\377\200\124\220\246\133\146\116\140\164\006\213\272\127\372\170\100}{section.2}% 12
\BOOKMARK [2][-]{subsection.2.3}{\376\377\135\356\122\006\226\220\171\301\116\016\133\211\121\150\200\132\124\010\151\202\217\360}{section.2}% 13
\BOOKMARK [2][-]{subsection.2.4}{\376\377\147\054\172\340\134\017\176\323}{section.2}% 14
\BOOKMARK [1][-]{section.3}{\376\377\152\041\127\213\213\276\213\241\116\016\145\271\154\325}{}% 15
\BOOKMARK [2][-]{subsection.3.1}{\376\377\140\073\117\123\150\106\147\266}{section.3}% 16
\BOOKMARK [2][-]{subsection.3.2}{\376\377\145\260\225\373\210\150\171\072\152\041\127\127}{section.3}% 17
\BOOKMARK [2][-]{subsection.3.3}{\376\377\165\050\142\067\210\150\171\072\152\041\127\127}{section.3}% 18
\BOOKMARK [2][-]{subsection.3.4}{\376\377\123\071\221\115\116\016\143\222\136\217\152\041\127\127}{section.3}% 19
\BOOKMARK [2][-]{subsection.3.5}{\376\377\200\124\220\246\213\255\176\303\116\016\226\220\171\301\130\236\137\072\173\126\165\145}{section.3}% 20
\BOOKMARK [2][-]{subsection.3.6}{\376\377\147\054\172\340\134\017\176\323}{section.3}% 21
\BOOKMARK [1][-]{section.4}{\376\377\174\373\176\337\133\236\163\260\116\016\133\236\232\214\213\276\177\156}{}% 22
\BOOKMARK [2][-]{subsection.4.1}{\376\377\145\160\143\156\230\204\131\004\164\006\155\101\172\013}{section.4}% 23
\BOOKMARK [2][-]{subsection.4.2}{\376\377\200\124\220\246\133\236\232\214\213\276\177\156}{section.4}% 24
\BOOKMARK [2][-]{subsection.4.3}{\376\377\213\304\116\367\143\007\150\007\116\016\213\260\137\125\145\271\137\017}{section.4}% 25
\BOOKMARK [2][-]{subsection.4.4}{\376\377\123\112\124\014\140\001\122\240\133\306\123\237\127\213\213\276\213\241}{section.4}% 26
\BOOKMARK [2][-]{subsection.4.5}{\376\377\147\054\172\340\134\017\176\323}{section.4}% 27
\BOOKMARK [1][-]{section.5}{\376\377\133\236\232\214\176\323\147\234\116\016\122\006\147\220}{}% 28
\BOOKMARK [2][-]{subsection.5.1}{\376\377\116\055\137\303\123\026\127\372\176\277\116\016\200\124\220\246\116\073\133\236\232\214\176\323\147\234\122\006\147\220}{section.5}% 29
\BOOKMARK [2][-]{subsection.5.2}{\376\377\135\356\122\006\226\220\171\301\130\236\137\072\133\236\232\214\122\006\147\220}{section.5}% 30
\BOOKMARK [2][-]{subsection.5.3}{\376\377\155\210\207\215\133\236\232\214\122\006\147\220}{section.5}% 31
\BOOKMARK [2][-]{subsection.5.4}{\376\377\000N\000o\000n\000-\000I\000I\000D\000\040\133\236\232\214\122\006\147\220}{section.5}% 32
\BOOKMARK [2][-]{subsection.5.5}{\376\377\213\255\176\303\116\016\220\032\117\341\137\000\225\000\122\006\147\220}{section.5}% 33
\BOOKMARK [2][-]{subsection.5.6}{\376\377\147\054\172\340\134\017\176\323}{section.5}% 34
\BOOKMARK [1][-]{section.6}{\376\377\176\323\213\272\116\016\134\125\147\033}{}% 35
\BOOKMARK [2][-]{subsection.6.1}{\376\377\116\073\211\201\176\323\213\272}{section.6}% 36
\BOOKMARK [2][-]{subsection.6.2}{\376\377\116\015\215\263\116\016\134\125\147\033}{section.6}% 37
\BOOKMARK [1][-]{subsection.6.2}{\376\377\123\302\200\003\145\207\163\056}{}% 38
\BOOKMARK [1][-]{subsection.6.2}{\376\377\226\104\137\125\000A\377\032\133\211\121\150\200\132\124\010\123\237\127\213\210\145\121\105\213\364\146\016}{}% 39
\BOOKMARK [1][-]{equation.6.1}{\376\377\201\364\214\042}{}% 40
\BOOKMARK [1][-]{equation.6.1}{\376\377\123\237\122\033\140\047\130\360\146\016\124\214\117\177\165\050\143\210\147\103\116\146}{}% 41
